<?xml version="1.0" encoding="UTF-8"?>
<!-- Generated by org.testng.reporters.JUnitReportReporter -->
<testsuite hostname="DESKTOP-I3V29VC" failures="0" tests="1" name="test.Mobile_Appium_Test" time="37.452" errors="0" timestamp="2025-05-03T21:36:32 IST" skipped="0">
  <testcase classname="test.Mobile_Appium_Test" name="testing_Appium" time="37.452"/>
  <system-out/>
</testsuite> <!-- test.Mobile_Appium_Test -->
