<?xml version="1.0" encoding="UTF-8"?>
<!-- Generated by org.testng.reporters.JUnitReportReporter -->
<testsuite hostname="DESKTOP-I3V29VC" failures="0" tests="2" name="test.Test_With_Sequential_Execution" time="139.003" errors="0" timestamp="2025-05-02T16:42:53 IST" skipped="0">
  <testcase classname="test.Test_With_Sequential_Execution" name="dummyTest" time="104.670"/>
  <system-out/>
  <testcase classname="test.Test_With_Sequential_Execution" name="dummyTest" time="34.333"/>
  <system-out/>
</testsuite> <!-- test.Test_With_Sequential_Execution -->
