<?xml version="1.0" encoding="UTF-8"?>
<!-- Generated by org.testng.reporters.JUnitReportReporter -->
<testsuite hostname="DESKTOP-I3V29VC" failures="0" tests="1" name="test.SampleTest" time="222.089" errors="0" timestamp="2025-05-03T19:34:22 IST" skipped="0">
  <testcase classname="test.SampleTest" name="testingSelenium" time="222.089"/>
  <system-out/>
</testsuite> <!-- test.SampleTest -->
